{"/Users/joejoeb/Projects/ReactNative/ReactNative-Todo/src/common/data/todo/actions.ts": {"path":"/Users/joejoeb/Projects/ReactNative/ReactNative-Todo/src/common/data/todo/actions.ts","statementMap":{"0":{"start":{"line":1,"column":0},"end":{"line":1,"column":41}},"1":{"start":{"line":2,"column":0},"end":{"line":2,"column":47}},"2":{"start":{"line":4,"column":13},"end":{"line":4,"column":86}},"3":{"start":{"line":4,"column":44},"end":{"line":4,"column":85}},"4":{"start":{"line":5,"column":13},"end":{"line":5,"column":88}},"5":{"start":{"line":5,"column":44},"end":{"line":5,"column":87}},"6":{"start":{"line":6,"column":13},"end":{"line":6,"column":92}},"7":{"start":{"line":6,"column":47},"end":{"line":6,"column":91}},"8":{"start":{"line":8,"column":13},"end":{"line":8,"column":79}},"9":{"start":{"line":8,"column":37},"end":{"line":8,"column":78}},"10":{"start":{"line":9,"column":13},"end":{"line":9,"column":79}},"11":{"start":{"line":9,"column":37},"end":{"line":9,"column":78}},"12":{"start":{"line":10,"column":13},"end":{"line":10,"column":99}},"13":{"start":{"line":10,"column":50},"end":{"line":10,"column":98}},"14":{"start":{"line":11,"column":13},"end":{"line":11,"column":77}},"15":{"start":{"line":11,"column":39},"end":{"line":11,"column":76}},"16":{"start":{"line":13,"column":13},"end":{"line":13,"column":102}},"17":{"start":{"line":13,"column":57},"end":{"line":13,"column":101}},"18":{"start":{"line":14,"column":13},"end":{"line":14,"column":96}},"19":{"start":{"line":14,"column":48},"end":{"line":14,"column":95}},"20":{"start":{"line":15,"column":13},"end":{"line":15,"column":94}},"21":{"start":{"line":15,"column":48},"end":{"line":15,"column":93}},"22":{"start":{"line":17,"column":13},"end":{"line":17,"column":88}},"23":{"start":{"line":17,"column":45},"end":{"line":17,"column":87}},"24":{"start":{"line":18,"column":13},"end":{"line":18,"column":88}},"25":{"start":{"line":18,"column":45},"end":{"line":18,"column":87}},"26":{"start":{"line":19,"column":13},"end":{"line":19,"column":95}},"27":{"start":{"line":19,"column":49},"end":{"line":19,"column":94}},"28":{"start":{"line":21,"column":13},"end":{"line":21,"column":81}},"29":{"start":{"line":21,"column":38},"end":{"line":21,"column":80}},"30":{"start":{"line":22,"column":13},"end":{"line":22,"column":81}},"31":{"start":{"line":22,"column":38},"end":{"line":22,"column":80}},"32":{"start":{"line":24,"column":13},"end":{"line":24,"column":96}},"33":{"start":{"line":24,"column":48},"end":{"line":24,"column":95}},"34":{"start":{"line":25,"column":13},"end":{"line":25,"column":96}},"35":{"start":{"line":25,"column":48},"end":{"line":25,"column":95}},"36":{"start":{"line":26,"column":13},"end":{"line":26,"column":94}},"37":{"start":{"line":26,"column":48},"end":{"line":26,"column":93}}},"fnMap":{"0":{"name":"(anonymous_0)","decl":{"start":{"line":4,"column":28},"end":{"line":4,"column":29}},"loc":{"start":{"line":4,"column":44},"end":{"line":4,"column":85}}},"1":{"name":"(anonymous_1)","decl":{"start":{"line":5,"column":28},"end":{"line":5,"column":29}},"loc":{"start":{"line":5,"column":44},"end":{"line":5,"column":87}}},"2":{"name":"(anonymous_2)","decl":{"start":{"line":6,"column":26},"end":{"line":6,"column":27}},"loc":{"start":{"line":6,"column":47},"end":{"line":6,"column":91}}},"3":{"name":"(anonymous_3)","decl":{"start":{"line":8,"column":31},"end":{"line":8,"column":33}},"loc":{"start":{"line":8,"column":37},"end":{"line":8,"column":78}}},"4":{"name":"(anonymous_4)","decl":{"start":{"line":9,"column":31},"end":{"line":9,"column":33}},"loc":{"start":{"line":9,"column":37},"end":{"line":9,"column":78}}},"5":{"name":"(anonymous_5)","decl":{"start":{"line":10,"column":29},"end":{"line":10,"column":30}},"loc":{"start":{"line":10,"column":50},"end":{"line":10,"column":98}}},"6":{"name":"(anonymous_6)","decl":{"start":{"line":11,"column":23},"end":{"line":11,"column":24}},"loc":{"start":{"line":11,"column":39},"end":{"line":11,"column":76}}},"7":{"name":"(anonymous_7)","decl":{"start":{"line":13,"column":29},"end":{"line":13,"column":30}},"loc":{"start":{"line":13,"column":57},"end":{"line":13,"column":101}}},"8":{"name":"(anonymous_8)","decl":{"start":{"line":14,"column":29},"end":{"line":14,"column":30}},"loc":{"start":{"line":14,"column":48},"end":{"line":14,"column":95}}},"9":{"name":"(anonymous_9)","decl":{"start":{"line":15,"column":27},"end":{"line":15,"column":28}},"loc":{"start":{"line":15,"column":48},"end":{"line":15,"column":93}}},"10":{"name":"(anonymous_10)","decl":{"start":{"line":17,"column":29},"end":{"line":17,"column":30}},"loc":{"start":{"line":17,"column":45},"end":{"line":17,"column":87}}},"11":{"name":"(anonymous_11)","decl":{"start":{"line":18,"column":29},"end":{"line":18,"column":30}},"loc":{"start":{"line":18,"column":45},"end":{"line":18,"column":87}}},"12":{"name":"(anonymous_12)","decl":{"start":{"line":19,"column":28},"end":{"line":19,"column":29}},"loc":{"start":{"line":19,"column":49},"end":{"line":19,"column":94}}},"13":{"name":"(anonymous_13)","decl":{"start":{"line":21,"column":32},"end":{"line":21,"column":34}},"loc":{"start":{"line":21,"column":38},"end":{"line":21,"column":80}}},"14":{"name":"(anonymous_14)","decl":{"start":{"line":22,"column":32},"end":{"line":22,"column":34}},"loc":{"start":{"line":22,"column":38},"end":{"line":22,"column":80}}},"15":{"name":"(anonymous_15)","decl":{"start":{"line":24,"column":29},"end":{"line":24,"column":30}},"loc":{"start":{"line":24,"column":48},"end":{"line":24,"column":95}}},"16":{"name":"(anonymous_16)","decl":{"start":{"line":25,"column":29},"end":{"line":25,"column":30}},"loc":{"start":{"line":25,"column":48},"end":{"line":25,"column":95}}},"17":{"name":"(anonymous_17)","decl":{"start":{"line":26,"column":27},"end":{"line":26,"column":28}},"loc":{"start":{"line":26,"column":48},"end":{"line":26,"column":93}}}},"branchMap":{},"s":{"0":1,"1":1,"2":1,"3":1,"4":1,"5":1,"6":1,"7":1,"8":1,"9":1,"10":1,"11":1,"12":1,"13":1,"14":1,"15":0,"16":1,"17":1,"18":1,"19":1,"20":1,"21":1,"22":1,"23":0,"24":1,"25":0,"26":1,"27":0,"28":1,"29":1,"30":1,"31":1,"32":1,"33":1,"34":1,"35":1,"36":1,"37":1},"f":{"0":1,"1":1,"2":1,"3":1,"4":1,"5":1,"6":0,"7":1,"8":1,"9":1,"10":0,"11":0,"12":0,"13":1,"14":1,"15":1,"16":1,"17":1},"b":{}}
,"/Users/joejoeb/Projects/ReactNative/ReactNative-Todo/src/common/data/todo/reducer.ts": {"path":"/Users/joejoeb/Projects/ReactNative/ReactNative-Todo/src/common/data/todo/reducer.ts","statementMap":{"0":{"start":{"line":2,"column":0},"end":{"line":2,"column":52}},"1":{"start":{"line":4,"column":32},"end":{"line":9,"column":1}},"2":{"start":{"line":11,"column":36},"end":{"line":59,"column":1}},"3":{"start":{"line":12,"column":2},"end":{"line":58,"column":3}},"4":{"start":{"line":19,"column":6},"end":{"line":19,"column":39}},"5":{"start":{"line":21,"column":6},"end":{"line":26,"column":8}},"6":{"start":{"line":28,"column":6},"end":{"line":32,"column":8}},"7":{"start":{"line":34,"column":6},"end":{"line":34,"column":39}},"8":{"start":{"line":36,"column":6},"end":{"line":36,"column":61}},"9":{"start":{"line":38,"column":12},"end":{"line":38,"column":60}},"10":{"start":{"line":38,"column":13},"end":{"line":38,"column":29}},"11":{"start":{"line":38,"column":13},"end":{"line":38,"column":33}},"12":{"start":{"line":38,"column":35},"end":{"line":38,"column":60}},"13":{"start":{"line":39,"column":6},"end":{"line":47,"column":8}},"14":{"start":{"line":49,"column":8},"end":{"line":53,"column":9}},"15":{"start":{"line":55,"column":8},"end":{"line":55,"column":64}},"16":{"start":{"line":57,"column":6},"end":{"line":57,"column":19}},"17":{"start":{"line":61,"column":20},"end":{"line":61,"column":31}}},"fnMap":{"0":{"name":"(anonymous_1)","decl":{"start":{"line":11,"column":36},"end":{"line":11,"column":37}},"loc":{"start":{"line":11,"column":69},"end":{"line":59,"column":1}}}},"branchMap":{"0":{"loc":{"start":{"line":11,"column":45},"end":{"line":11,"column":57}},"type":"default-arg","locations":[{"start":{"line":11,"column":45},"end":{"line":11,"column":57}}]},"1":{"loc":{"start":{"line":13,"column":4},"end":{"line":13,"column":40}},"type":"switch","locations":[{"start":{"line":13,"column":4},"end":{"line":13,"column":40}},{"start":{"line":14,"column":4},"end":{"line":14,"column":43}},{"start":{"line":15,"column":4},"end":{"line":15,"column":40}},{"start":{"line":16,"column":4},"end":{"line":16,"column":40}},{"start":{"line":17,"column":4},"end":{"line":17,"column":39}},{"start":{"line":18,"column":4},"end":{"line":19,"column":39}},{"start":{"line":20,"column":4},"end":{"line":26,"column":8}},{"start":{"line":27,"column":4},"end":{"line":32,"column":8}},{"start":{"line":33,"column":4},"end":{"line":34,"column":39}},{"start":{"line":35,"column":4},"end":{"line":36,"column":61}},{"start":{"line":37,"column":4},"end":{"line":47,"column":8}},{"start":{"line":48,"column":6},"end":{"line":53,"column":9}},{"start":{"line":54,"column":6},"end":{"line":55,"column":64}},{"start":{"line":56,"column":4},"end":{"line":57,"column":19}}]},"2":{"loc":{"start":{"line":38,"column":35},"end":{"line":38,"column":59}},"type":"cond-expr","locations":[{"start":{"line":38,"column":35},"end":{"line":38,"column":59}},{"start":{"line":38,"column":35},"end":{"line":38,"column":59}}]}},"s":{"0":1,"1":1,"2":1,"3":10,"4":4,"5":1,"6":1,"7":1,"8":1,"9":0,"10":0,"11":0,"12":0,"13":0,"14":1,"15":0,"16":1,"17":1},"f":{"0":10},"b":{"0":[1],"1":[1,2,3,4,4,4,1,1,1,1,0,1,0,1],"2":[0,0]}}
,"/Users/joejoeb/Projects/ReactNative/ReactNative-Todo/src/common/data/todo/selectors.ts": {"path":"/Users/joejoeb/Projects/ReactNative/ReactNative-Todo/src/common/data/todo/selectors.ts","statementMap":{"0":{"start":{"line":1,"column":0},"end":{"line":1,"column":41}},"1":{"start":{"line":4,"column":27},"end":{"line":4,"column":73}},"2":{"start":{"line":4,"column":56},"end":{"line":4,"column":73}},"3":{"start":{"line":5,"column":23},"end":{"line":5,"column":67}},"4":{"start":{"line":5,"column":52},"end":{"line":5,"column":67}},"5":{"start":{"line":6,"column":24},"end":{"line":6,"column":99}},"6":{"start":{"line":6,"column":74},"end":{"line":6,"column":99}},"7":{"start":{"line":8,"column":13},"end":{"line":17,"column":2}},"8":{"start":{"line":9,"column":18},"end":{"line":16,"column":4}},"9":{"start":{"line":10,"column":18},"end":{"line":10,"column":36}},"10":{"start":{"line":11,"column":18},"end":{"line":11,"column":36}},"11":{"start":{"line":13,"column":4},"end":{"line":15,"column":18}},"12":{"start":{"line":13,"column":23},"end":{"line":13,"column":33}},"13":{"start":{"line":14,"column":9},"end":{"line":15,"column":18}},"14":{"start":{"line":14,"column":28},"end":{"line":14,"column":37}},"15":{"start":{"line":15,"column":9},"end":{"line":15,"column":18}},"16":{"start":{"line":19,"column":13},"end":{"line":19,"column":84}},"17":{"start":{"line":19,"column":36},"end":{"line":19,"column":83}},"18":{"start":{"line":19,"column":78},"end":{"line":19,"column":82}}},"fnMap":{"0":{"name":"(anonymous_0)","decl":{"start":{"line":4,"column":27},"end":{"line":4,"column":28}},"loc":{"start":{"line":4,"column":56},"end":{"line":4,"column":73}}},"1":{"name":"(anonymous_1)","decl":{"start":{"line":5,"column":23},"end":{"line":5,"column":24}},"loc":{"start":{"line":5,"column":52},"end":{"line":5,"column":67}}},"2":{"name":"(anonymous_2)","decl":{"start":{"line":6,"column":24},"end":{"line":6,"column":25}},"loc":{"start":{"line":6,"column":74},"end":{"line":6,"column":99}}},"3":{"name":"(anonymous_3)","decl":{"start":{"line":9,"column":2},"end":{"line":9,"column":3}},"loc":{"start":{"line":9,"column":18},"end":{"line":16,"column":4}}},"4":{"name":"(anonymous_4)","decl":{"start":{"line":9,"column":27},"end":{"line":9,"column":28}},"loc":{"start":{"line":9,"column":52},"end":{"line":16,"column":3}}},"5":{"name":"(anonymous_5)","decl":{"start":{"line":19,"column":30},"end":{"line":19,"column":32}},"loc":{"start":{"line":19,"column":36},"end":{"line":19,"column":83}}},"6":{"name":"(anonymous_6)","decl":{"start":{"line":19,"column":68},"end":{"line":19,"column":69}},"loc":{"start":{"line":19,"column":78},"end":{"line":19,"column":82}}}},"branchMap":{"0":{"loc":{"start":{"line":13,"column":4},"end":{"line":15,"column":18}},"type":"if","locations":[{"start":{"line":13,"column":4},"end":{"line":15,"column":18}},{"start":{"line":13,"column":4},"end":{"line":15,"column":18}}]},"1":{"loc":{"start":{"line":14,"column":9},"end":{"line":15,"column":18}},"type":"if","locations":[{"start":{"line":14,"column":9},"end":{"line":15,"column":18}},{"start":{"line":14,"column":9},"end":{"line":15,"column":18}}]}},"s":{"0":1,"1":1,"2":1,"3":1,"4":1,"5":1,"6":2,"7":1,"8":1,"9":0,"10":0,"11":0,"12":0,"13":0,"14":0,"15":0,"16":1,"17":2,"18":2},"f":{"0":1,"1":1,"2":2,"3":1,"4":0,"5":2,"6":2},"b":{"0":[0,0],"1":[0,0]}}
,"/Users/joejoeb/Projects/ReactNative/ReactNative-Todo/src/common/data/todo/types.ts": {"path":"/Users/joejoeb/Projects/ReactNative/ReactNative-Todo/src/common/data/todo/types.ts","statementMap":{"0":{"start":{"line":11,"column":0},"end":{"line":36,"column":1}},"1":{"start":{"line":12,"column":2},"end":{"line":12,"column":40}},"2":{"start":{"line":13,"column":2},"end":{"line":13,"column":40}},"3":{"start":{"line":14,"column":2},"end":{"line":14,"column":36}},"4":{"start":{"line":16,"column":2},"end":{"line":16,"column":48}},"5":{"start":{"line":17,"column":2},"end":{"line":17,"column":48}},"6":{"start":{"line":18,"column":2},"end":{"line":18,"column":44}},"7":{"start":{"line":19,"column":2},"end":{"line":19,"column":30}},"8":{"start":{"line":21,"column":2},"end":{"line":21,"column":42}},"9":{"start":{"line":22,"column":2},"end":{"line":22,"column":42}},"10":{"start":{"line":23,"column":2},"end":{"line":23,"column":38}},"11":{"start":{"line":25,"column":2},"end":{"line":25,"column":42}},"12":{"start":{"line":26,"column":2},"end":{"line":26,"column":42}},"13":{"start":{"line":27,"column":2},"end":{"line":27,"column":38}},"14":{"start":{"line":29,"column":2},"end":{"line":29,"column":42}},"15":{"start":{"line":30,"column":2},"end":{"line":30,"column":42}},"16":{"start":{"line":31,"column":2},"end":{"line":31,"column":38}},"17":{"start":{"line":33,"column":2},"end":{"line":33,"column":46}},"18":{"start":{"line":34,"column":2},"end":{"line":34,"column":46}},"19":{"start":{"line":35,"column":2},"end":{"line":35,"column":42}}},"fnMap":{"0":{"name":"(anonymous_0)","decl":{"start":{"line":11,"column":0},"end":{"line":11,"column":11}},"loc":{"start":{"line":11,"column":27},"end":{"line":36,"column":1}}}},"branchMap":{"0":{"loc":{"start":{"line":11,"column":12},"end":{"line":11,"column":27}},"type":"binary-expr","locations":[{"start":{"line":11,"column":12},"end":{"line":11,"column":27}},{"start":{"line":11,"column":12},"end":{"line":11,"column":27}}]}},"s":{"0":2,"1":2,"2":2,"3":2,"4":2,"5":2,"6":2,"7":2,"8":2,"9":2,"10":2,"11":2,"12":2,"13":2,"14":2,"15":2,"16":2,"17":2,"18":2,"19":2},"f":{"0":2},"b":{"0":[2,2]}}
}
